2026-02-19T00:04:02.522-05:00  INFO 3972 --- [prestamos-service] [AsyncResolver-bootstrap-executor-%d] c.n.d.s.r.aws.ConfigClusterResolver      : Resolving eureka endpoints via configuration
2026-02-19T00:09:02.557-05:00  INFO 3972 --- [prestamos-service] [AsyncResolver-bootstrap-executor-%d] c.n.d.s.r.aws.ConfigClusterResolver      : Resolving eureka endpoints via configuration
2026-02-19T00:14:02.563-05:00  INFO 3972 --- [prestamos-service] [AsyncResolver-bootstrap-executor-%d] c.n.d.s.r.aws.ConfigClusterResolver      : Resolving eureka endpoints via configuration
2026-02-19T00:19:02.572-05:00  INFO 3972 --- [prestamos-service] [AsyncResolver-bootstrap-executor-%d] c.n.d.s.r.aws.ConfigClusterResolver      : Resolving eureka endpoints via configuration
2026-02-19T00:24:02.630-05:00  INFO 3972 --- [prestamos-service] [AsyncResolver-bootstrap-executor-%d] c.n.d.s.r.aws.ConfigClusterResolver      : Resolving eureka endpoints via configuration
2026-02-19T00:29:02.645-05:00  INFO 3972 --- [prestamos-service] [AsyncResolver-bootstrap-executor-%d] c.n.d.s.r.aws.ConfigClusterResolver      : Resolving eureka endpoints via configuration
2026-02-19T00:34:02.657-05:00  INFO 3972 --- [prestamos-service] [AsyncResolver-bootstrap-executor-%d] c.n.d.s.r.aws.ConfigClusterResolver      : Resolving eureka endpoints via configuration
2026-02-19T00:39:02.661-05:00  INFO 3972 --- [prestamos-service] [AsyncResolver-bootstrap-executor-%d] c.n.d.s.r.aws.ConfigClusterResolver      : Resolving eureka endpoints via configuration
2026-02-19T00:44:02.675-05:00  INFO 3972 --- [prestamos-service] [AsyncResolver-bootstrap-executor-%d] c.n.d.s.r.aws.ConfigClusterResolver      : Resolving eureka endpoints via configuration
2026-02-19T00:49:02.689-05:00  INFO 3972 --- [prestamos-service] [AsyncResolver-bootstrap-executor-%d] c.n.d.s.r.aws.ConfigClusterResolver      : Resolving eureka endpoints via configuration
2026-02-19T00:54:02.704-05:00  INFO 3972 --- [prestamos-service] [AsyncResolver-bootstrap-executor-%d] c.n.d.s.r.aws.ConfigClusterResolver      : Resolving eureka endpoints via configuration
2026-02-19T00:59:02.713-05:00  INFO 3972 --- [prestamos-service] [AsyncResolver-bootstrap-executor-%d] c.n.d.s.r.aws.ConfigClusterResolver      : Resolving eureka endpoints via configuration
2026-02-19T01:04:02.715-05:00  INFO 3972 --- [prestamos-service] [AsyncResolver-bootstrap-executor-%d] c.n.d.s.r.aws.ConfigClusterResolver      : Resolving eureka endpoints via configuration
2026-02-19T01:09:02.724-05:00  INFO 3972 --- [prestamos-service] [AsyncResolver-bootstrap-executor-%d] c.n.d.s.r.aws.ConfigClusterResolver      : Resolving eureka endpoints via configuration
2026-02-19T01:14:02.739-05:00  INFO 3972 --- [prestamos-service] [AsyncResolver-bootstrap-executor-%d] c.n.d.s.r.aws.ConfigClusterResolver      : Resolving eureka endpoints via configuration
2026-02-19T01:19:02.746-05:00  INFO 3972 --- [prestamos-service] [AsyncResolver-bootstrap-executor-%d] c.n.d.s.r.aws.ConfigClusterResolver      : Resolving eureka endpoints via configuration
2026-02-19T01:24:02.760-05:00  INFO 3972 --- [prestamos-service] [AsyncResolver-bootstrap-executor-%d] c.n.d.s.r.aws.ConfigClusterResolver      : Resolving eureka endpoints via configuration
2026-02-19T01:29:02.769-05:00  INFO 3972 --- [prestamos-service] [AsyncResolver-bootstrap-executor-%d] c.n.d.s.r.aws.ConfigClusterResolver      : Resolving eureka endpoints via configuration
2026-02-19T01:34:02.772-05:00  INFO 3972 --- [prestamos-service] [AsyncResolver-bootstrap-executor-%d] c.n.d.s.r.aws.ConfigClusterResolver      : Resolving eureka endpoints via configuration
2026-02-19T01:39:02.775-05:00  INFO 3972 --- [prestamos-service] [AsyncResolver-bootstrap-executor-%d] c.n.d.s.r.aws.ConfigClusterResolver      : Resolving eureka endpoints via configuration
2026-02-19T01:44:02.794-05:00  INFO 3972 --- [prestamos-service] [AsyncResolver-bootstrap-executor-%d] c.n.d.s.r.aws.ConfigClusterResolver      : Resolving eureka endpoints via configuration
2026-02-19T01:49:02.795-05:00  INFO 3972 --- [prestamos-service] [AsyncResolver-bootstrap-executor-%d] c.n.d.s.r.aws.ConfigClusterResolver      : Resolving eureka endpoints via configuration
2026-02-19T01:54:02.799-05:00  INFO 3972 --- [prestamos-service] [AsyncResolver-bootstrap-executor-%d] c.n.d.s.r.aws.ConfigClusterResolver      : Resolving eureka endpoints via configuration
2026-02-19T01:59:02.803-05:00  INFO 3972 --- [prestamos-service] [AsyncResolver-bootstrap-executor-%d] c.n.d.s.r.aws.ConfigClusterResolver      : Resolving eureka endpoints via configuration
2026-02-19T02:04:02.807-05:00  INFO 3972 --- [prestamos-service] [AsyncResolver-bootstrap-executor-%d] c.n.d.s.r.aws.ConfigClusterResolver      : Resolving eureka endpoints via configuration
2026-02-19T02:09:02.821-05:00  INFO 3972 --- [prestamos-service] [AsyncResolver-bootstrap-executor-%d] c.n.d.s.r.aws.ConfigClusterResolver      : Resolving eureka endpoints via configuration
2026-02-19T02:14:02.825-05:00  INFO 3972 --- [prestamos-service] [AsyncResolver-bootstrap-executor-%d] c.n.d.s.r.aws.ConfigClusterResolver      : Resolving eureka endpoints via configuration
2026-02-19T02:19:02.829-05:00  INFO 3972 --- [prestamos-service] [AsyncResolver-bootstrap-executor-%d] c.n.d.s.r.aws.ConfigClusterResolver      : Resolving eureka endpoints via configuration
2026-02-19T02:19:36.191-05:00  INFO 3972 --- [prestamos-service] [RMI TCP Connection(177)-127.0.0.1] inMXBeanRegistrar$SpringApplicationAdmin : Application shutdown requested.
2026-02-19T02:19:36.259-05:00  INFO 3972 --- [prestamos-service] [RMI TCP Connection(177)-127.0.0.1] o.s.c.n.e.s.EurekaServiceRegistry        : Unregistering application PRESTAMOS-SERVICE with eureka with status DOWN
2026-02-19T02:19:36.260-05:00  INFO 3972 --- [prestamos-service] [RMI TCP Connection(177)-127.0.0.1] com.netflix.discovery.DiscoveryClient    : Saw local status change event StatusChangeEvent [timestamp=1771485576260, current=DOWN, previous=UP]
2026-02-19T02:19:36.261-05:00  INFO 3972 --- [prestamos-service] [DiscoveryClient-InstanceInfoReplicator-%d] com.netflix.discovery.DiscoveryClient    : DiscoveryClient_PRESTAMOS-SERVICE/LAPTOP-KI23117J:prestamos-service:1002: registering service...
2026-02-19T02:19:36.279-05:00  INFO 3972 --- [prestamos-service] [DiscoveryClient-InstanceInfoReplicator-%d] com.netflix.discovery.DiscoveryClient    : DiscoveryClient_PRESTAMOS-SERVICE/LAPTOP-KI23117J:prestamos-service:1002 - registration status: 204
2026-02-19T02:19:36.312-05:00  INFO 3972 --- [prestamos-service] [RMI TCP Connection(177)-127.0.0.1] o.s.b.w.e.tomcat.GracefulShutdown        : Commencing graceful shutdown. Waiting for active requests to complete
2026-02-19T02:19:36.551-05:00  INFO 3972 --- [prestamos-service] [tomcat-shutdown] o.s.b.w.e.tomcat.GracefulShutdown        : Graceful shutdown complete
2026-02-19T02:19:36.631-05:00  INFO 3972 --- [prestamos-service] [RMI TCP Connection(177)-127.0.0.1] j.LocalContainerEntityManagerFactoryBean : Closing JPA EntityManagerFactory for persistence unit 'default'
2026-02-19T02:19:36.659-05:00  INFO 3972 --- [prestamos-service] [RMI TCP Connection(177)-127.0.0.1] com.zaxxer.hikari.HikariDataSource       : HikariPool-1 - Shutdown initiated...
2026-02-19T02:19:36.669-05:00  INFO 3972 --- [prestamos-service] [RMI TCP Connection(177)-127.0.0.1] com.zaxxer.hikari.HikariDataSource       : HikariPool-1 - Shutdown completed.
2026-02-19T02:19:36.670-05:00  INFO 3972 --- [prestamos-service] [RMI TCP Connection(177)-127.0.0.1] com.netflix.discovery.DiscoveryClient    : Shutting down DiscoveryClient ...
2026-02-19T02:19:39.673-05:00  INFO 3972 --- [prestamos-service] [RMI TCP Connection(177)-127.0.0.1] com.netflix.discovery.DiscoveryClient    : Unregistering ...
2026-02-19T02:19:39.703-05:00  INFO 3972 --- [prestamos-service] [RMI TCP Connection(177)-127.0.0.1] com.netflix.discovery.DiscoveryClient    : DiscoveryClient_PRESTAMOS-SERVICE/LAPTOP-KI23117J:prestamos-service:1002 - deregister  status: 200
2026-02-19T02:19:39.704-05:00  INFO 3972 --- [prestamos-service] [RMI TCP Connection(177)-127.0.0.1] com.netflix.discovery.DiscoveryClient    : Completed shut down of DiscoveryClient
2026-02-19T02:32:26.219-05:00  INFO 29212 --- [prestamos-service] [main] c.cibertec.PrestamosServiceApplication   : Starting PrestamosServiceApplication using Java 17.0.10 with PID 29212 (C:\Users\joesc\OneDrive\Desktop\ProyectoBiblioteca\01_contenedor\prestamos-service\prestamos-service\target\classes started by joesc in C:\Users\joesc\OneDrive\Desktop\ProyectoBiblioteca\01_contenedor\prestamos-service\prestamos-service)
2026-02-19T02:32:26.223-05:00  INFO 29212 --- [prestamos-service] [main] c.cibertec.PrestamosServiceApplication   : No active profile set, falling back to 1 default profile: "default"
2026-02-19T02:32:26.302-05:00  INFO 29212 --- [prestamos-service] [main] o.s.c.c.c.ConfigServerConfigDataLoader   : Fetching config from server at : http://localhost:8888
2026-02-19T02:32:26.302-05:00  INFO 29212 --- [prestamos-service] [main] o.s.c.c.c.ConfigServerConfigDataLoader   : Located environment: name=prestamos-service, profiles=[default], label=null, version=null, state=null
2026-02-19T02:32:27.163-05:00  INFO 29212 --- [prestamos-service] [main] .s.d.r.c.RepositoryConfigurationDelegate : Bootstrapping Spring Data JPA repositories in DEFAULT mode.
2026-02-19T02:32:27.355-05:00  INFO 29212 --- [prestamos-service] [main] .s.d.r.c.RepositoryConfigurationDelegate : Finished Spring Data repository scanning in 174 ms. Found 2 JPA repository interfaces.
2026-02-19T02:32:28.160-05:00  INFO 29212 --- [prestamos-service] [main] o.s.cloud.context.scope.GenericScope     : BeanFactory id=dd8495bb-f2c6-3805-967f-d866414c7adb
2026-02-19T02:32:28.757-05:00  INFO 29212 --- [prestamos-service] [main] o.s.b.w.embedded.tomcat.TomcatWebServer  : Tomcat initialized with port 1002 (http)
2026-02-19T02:32:28.775-05:00  INFO 29212 --- [prestamos-service] [main] o.apache.catalina.core.StandardService   : Starting service [Tomcat]
2026-02-19T02:32:28.776-05:00  INFO 29212 --- [prestamos-service] [main] o.apache.catalina.core.StandardEngine    : Starting Servlet engine: [Apache Tomcat/10.1.52]
2026-02-19T02:32:28.863-05:00  INFO 29212 --- [prestamos-service] [main] o.a.c.c.C.[Tomcat].[localhost].[/]       : Initializing Spring embedded WebApplicationContext
2026-02-19T02:32:28.863-05:00  INFO 29212 --- [prestamos-service] [main] w.s.c.ServletWebServerApplicationContext : Root WebApplicationContext: initialization completed in 2557 ms
2026-02-19T02:32:29.226-05:00  INFO 29212 --- [prestamos-service] [main] o.hibernate.jpa.internal.util.LogHelper  : HHH000204: Processing PersistenceUnitInfo [name: default]
2026-02-19T02:32:29.314-05:00  INFO 29212 --- [prestamos-service] [main] org.hibernate.Version                    : HHH000412: Hibernate ORM core version 6.6.42.Final
2026-02-19T02:32:29.369-05:00  INFO 29212 --- [prestamos-service] [main] o.h.c.internal.RegionFactoryInitiator    : HHH000026: Second-level cache disabled
2026-02-19T02:32:29.731-05:00  INFO 29212 --- [prestamos-service] [main] o.s.o.j.p.SpringPersistenceUnitInfo      : No LoadTimeWeaver setup: ignoring JPA class transformer
2026-02-19T02:32:29.776-05:00  INFO 29212 --- [prestamos-service] [main] com.zaxxer.hikari.HikariDataSource       : HikariPool-1 - Starting...
2026-02-19T02:32:30.104-05:00  INFO 29212 --- [prestamos-service] [main] com.zaxxer.hikari.pool.HikariPool        : HikariPool-1 - Added connection com.mysql.cj.jdbc.ConnectionImpl@d863bb
2026-02-19T02:32:30.106-05:00  INFO 29212 --- [prestamos-service] [main] com.zaxxer.hikari.HikariDataSource       : HikariPool-1 - Start completed.
2026-02-19T02:32:30.184-05:00  WARN 29212 --- [prestamos-service] [main] org.hibernate.orm.deprecation            : HHH90000025: MySQLDialect does not need to be specified explicitly using 'hibernate.dialect' (remove the property setting and it will be selected by default)
2026-02-19T02:32:30.208-05:00  INFO 29212 --- [prestamos-service] [main] org.hibernate.orm.connections.pooling    : HHH10001005: Database info:
	Database JDBC URL [Connecting through datasource 'HikariDataSource (HikariPool-1)']
	Database driver: undefined/unknown
	Database version: 8.0.44
	Autocommit mode: undefined/unknown
	Isolation level: undefined/unknown
	Minimum pool size: undefined/unknown
	Maximum pool size: undefined/unknown
2026-02-19T02:32:31.442-05:00  INFO 29212 --- [prestamos-service] [main] o.h.e.t.j.p.i.JtaPlatformInitiator       : HHH000489: No JTA platform available (set 'hibernate.transaction.jta.platform' to enable JTA platform integration)
2026-02-19T02:32:31.445-05:00  INFO 29212 --- [prestamos-service] [main] j.LocalContainerEntityManagerFactoryBean : Initialized JPA EntityManagerFactory for persistence unit 'default'
2026-02-19T02:32:31.776-05:00  INFO 29212 --- [prestamos-service] [main] o.s.d.j.r.query.QueryEnhancerFactory     : Hibernate is in classpath; If applicable, HQL parser will be used.
2026-02-19T02:32:32.424-05:00  WARN 29212 --- [prestamos-service] [main] JpaBaseConfiguration$JpaWebConfiguration : spring.jpa.open-in-view is enabled by default. Therefore, database queries may be performed during view rendering. Explicitly configure spring.jpa.open-in-view to disable this warning
2026-02-19T02:32:33.588-05:00  INFO 29212 --- [prestamos-service] [main] DiscoveryClientOptionalArgsConfiguration : Eureka HTTP Client uses RestTemplate.
2026-02-19T02:32:33.643-05:00  WARN 29212 --- [prestamos-service] [main] iguration$LoadBalancerCaffeineWarnLogger : Spring Cloud LoadBalancer is currently working with the default cache. While this cache implementation is useful for development and tests, it's recommended to use Caffeine cache in production.You can switch to using Caffeine cache, by adding it and org.springframework.cache.caffeine.CaffeineCacheManager to the classpath.
2026-02-19T02:32:33.651-05:00  INFO 29212 --- [prestamos-service] [main] o.s.b.a.e.web.EndpointLinksResolver      : Exposing 17 endpoints beneath base path '/actuator'
2026-02-19T02:32:33.791-05:00  INFO 29212 --- [prestamos-service] [main] o.s.c.n.eureka.InstanceInfoFactory       : Setting initial instance status as: STARTING
2026-02-19T02:32:33.821-05:00  INFO 29212 --- [prestamos-service] [main] com.netflix.discovery.DiscoveryClient    : Initializing Eureka in region us-east-1
2026-02-19T02:32:33.826-05:00  INFO 29212 --- [prestamos-service] [main] c.n.d.s.r.aws.ConfigClusterResolver      : Resolving eureka endpoints via configuration
2026-02-19T02:32:33.838-05:00  INFO 29212 --- [prestamos-service] [main] com.netflix.discovery.DiscoveryClient    : Disable delta property : false
2026-02-19T02:32:33.839-05:00  INFO 29212 --- [prestamos-service] [main] com.netflix.discovery.DiscoveryClient    : Single vip registry refresh property : null
2026-02-19T02:32:33.839-05:00  INFO 29212 --- [prestamos-service] [main] com.netflix.discovery.DiscoveryClient    : Force full registry fetch : false
2026-02-19T02:32:33.839-05:00  INFO 29212 --- [prestamos-service] [main] com.netflix.discovery.DiscoveryClient    : Application is null : false
2026-02-19T02:32:33.839-05:00  INFO 29212 --- [prestamos-service] [main] com.netflix.discovery.DiscoveryClient    : Registered Applications size is zero : true
2026-02-19T02:32:33.839-05:00  INFO 29212 --- [prestamos-service] [main] com.netflix.discovery.DiscoveryClient    : Application version is -1: true
2026-02-19T02:32:33.839-05:00  INFO 29212 --- [prestamos-service] [main] com.netflix.discovery.DiscoveryClient    : Getting all instance registry info from the eureka server
2026-02-19T02:32:34.035-05:00  INFO 29212 --- [prestamos-service] [main] com.netflix.discovery.DiscoveryClient    : The response status is 200
2026-02-19T02:32:34.037-05:00  INFO 29212 --- [prestamos-service] [main] com.netflix.discovery.DiscoveryClient    : Starting heartbeat executor: renew interval is: 30
2026-02-19T02:32:34.040-05:00  INFO 29212 --- [prestamos-service] [main] c.n.discovery.InstanceInfoReplicator     : InstanceInfoReplicator onDemand update allowed rate per min is 4
2026-02-19T02:32:34.041-05:00  INFO 29212 --- [prestamos-service] [main] com.netflix.discovery.DiscoveryClient    : Discovery Client initialized at timestamp 1771486354041 with initial instances count: 2
2026-02-19T02:32:34.045-05:00  INFO 29212 --- [prestamos-service] [main] o.s.c.n.e.s.EurekaServiceRegistry        : Registering application PRESTAMOS-SERVICE with eureka with status UP
2026-02-19T02:32:34.047-05:00  INFO 29212 --- [prestamos-service] [main] com.netflix.discovery.DiscoveryClient    : Saw local status change event StatusChangeEvent [timestamp=1771486354047, current=UP, previous=STARTING]
2026-02-19T02:32:34.050-05:00  INFO 29212 --- [prestamos-service] [DiscoveryClient-InstanceInfoReplicator-%d] com.netflix.discovery.DiscoveryClient    : DiscoveryClient_PRESTAMOS-SERVICE/LAPTOP-KI23117J:prestamos-service:1002: registering service...
2026-02-19T02:32:34.077-05:00  INFO 29212 --- [prestamos-service] [main] o.s.b.w.embedded.tomcat.TomcatWebServer  : Tomcat started on port 1002 (http) with context path '/'
2026-02-19T02:32:34.078-05:00  INFO 29212 --- [prestamos-service] [main] .s.c.n.e.s.EurekaAutoServiceRegistration : Updating port to 1002
2026-02-19T02:32:34.111-05:00  INFO 29212 --- [prestamos-service] [DiscoveryClient-InstanceInfoReplicator-%d] com.netflix.discovery.DiscoveryClient    : DiscoveryClient_PRESTAMOS-SERVICE/LAPTOP-KI23117J:prestamos-service:1002 - registration status: 204
2026-02-19T02:32:34.239-05:00  INFO 29212 --- [prestamos-service] [main] c.cibertec.PrestamosServiceApplication   : Started PrestamosServiceApplication in 9.233 seconds (process running for 10.089)
2026-02-19T02:32:34.645-05:00  INFO 29212 --- [prestamos-service] [RMI TCP Connection(8)-127.0.0.1] o.a.c.c.C.[Tomcat].[localhost].[/]       : Initializing Spring DispatcherServlet 'dispatcherServlet'
2026-02-19T02:32:34.646-05:00  INFO 29212 --- [prestamos-service] [RMI TCP Connection(8)-127.0.0.1] o.s.web.servlet.DispatcherServlet        : Initializing Servlet 'dispatcherServlet'
2026-02-19T02:32:34.647-05:00  INFO 29212 --- [prestamos-service] [RMI TCP Connection(8)-127.0.0.1] o.s.web.servlet.DispatcherServlet        : Completed initialization in 1 ms
2026-02-19T02:36:53.336-05:00  INFO 29212 --- [prestamos-service] [RMI TCP Connection(15)-127.0.0.1] inMXBeanRegistrar$SpringApplicationAdmin : Application shutdown requested.
2026-02-19T02:36:53.342-05:00  INFO 29212 --- [prestamos-service] [RMI TCP Connection(15)-127.0.0.1] o.s.c.n.e.s.EurekaServiceRegistry        : Unregistering application PRESTAMOS-SERVICE with eureka with status DOWN
2026-02-19T02:36:53.342-05:00  INFO 29212 --- [prestamos-service] [RMI TCP Connection(15)-127.0.0.1] com.netflix.discovery.DiscoveryClient    : Saw local status change event StatusChangeEvent [timestamp=1771486613342, current=DOWN, previous=UP]
2026-02-19T02:36:53.342-05:00  INFO 29212 --- [prestamos-service] [DiscoveryClient-InstanceInfoReplicator-%d] com.netflix.discovery.DiscoveryClient    : DiscoveryClient_PRESTAMOS-SERVICE/LAPTOP-KI23117J:prestamos-service:1002: registering service...
2026-02-19T02:36:53.347-05:00  INFO 29212 --- [prestamos-service] [RMI TCP Connection(15)-127.0.0.1] o.s.b.w.e.tomcat.GracefulShutdown        : Commencing graceful shutdown. Waiting for active requests to complete
2026-02-19T02:36:53.356-05:00  INFO 29212 --- [prestamos-service] [DiscoveryClient-InstanceInfoReplicator-%d] com.netflix.discovery.DiscoveryClient    : DiscoveryClient_PRESTAMOS-SERVICE/LAPTOP-KI23117J:prestamos-service:1002 - registration status: 204
2026-02-19T02:36:53.602-05:00  INFO 29212 --- [prestamos-service] [tomcat-shutdown] o.s.b.w.e.tomcat.GracefulShutdown        : Graceful shutdown complete
2026-02-19T02:36:53.627-05:00  INFO 29212 --- [prestamos-service] [RMI TCP Connection(15)-127.0.0.1] j.LocalContainerEntityManagerFactoryBean : Closing JPA EntityManagerFactory for persistence unit 'default'
2026-02-19T02:36:53.635-05:00  INFO 29212 --- [prestamos-service] [RMI TCP Connection(15)-127.0.0.1] com.zaxxer.hikari.HikariDataSource       : HikariPool-1 - Shutdown initiated...
2026-02-19T02:36:53.645-05:00  INFO 29212 --- [prestamos-service] [RMI TCP Connection(15)-127.0.0.1] com.zaxxer.hikari.HikariDataSource       : HikariPool-1 - Shutdown completed.
2026-02-19T02:36:53.648-05:00  INFO 29212 --- [prestamos-service] [RMI TCP Connection(15)-127.0.0.1] com.netflix.discovery.DiscoveryClient    : Shutting down DiscoveryClient ...
2026-02-19T02:36:56.663-05:00  INFO 29212 --- [prestamos-service] [RMI TCP Connection(15)-127.0.0.1] com.netflix.discovery.DiscoveryClient    : Unregistering ...
2026-02-19T02:36:56.681-05:00  INFO 29212 --- [prestamos-service] [RMI TCP Connection(15)-127.0.0.1] com.netflix.discovery.DiscoveryClient    : DiscoveryClient_PRESTAMOS-SERVICE/LAPTOP-KI23117J:prestamos-service:1002 - deregister  status: 200
2026-02-19T02:36:56.682-05:00  INFO 29212 --- [prestamos-service] [RMI TCP Connection(15)-127.0.0.1] com.netflix.discovery.DiscoveryClient    : Completed shut down of DiscoveryClient
2026-02-19T02:37:23.445-05:00  INFO 10544 --- [prestamos-service] [main] c.cibertec.PrestamosServiceApplication   : Starting PrestamosServiceApplication using Java 17.0.10 with PID 10544 (C:\Users\joesc\OneDrive\Desktop\ProyectoBiblioteca\01_contenedor\prestamos-service\prestamos-service\target\classes started by joesc in C:\Users\joesc\OneDrive\Desktop\ProyectoBiblioteca\01_contenedor\prestamos-service\prestamos-service)
2026-02-19T02:37:23.449-05:00  INFO 10544 --- [prestamos-service] [main] c.cibertec.PrestamosServiceApplication   : No active profile set, falling back to 1 default profile: "default"
2026-02-19T02:37:23.517-05:00  INFO 10544 --- [prestamos-service] [main] o.s.c.c.c.ConfigServerConfigDataLoader   : Fetching config from server at : http://localhost:8888
2026-02-19T02:37:23.518-05:00  INFO 10544 --- [prestamos-service] [main] o.s.c.c.c.ConfigServerConfigDataLoader   : Located environment: name=prestamos-service, profiles=[default], label=null, version=null, state=null
2026-02-19T02:37:24.279-05:00  INFO 10544 --- [prestamos-service] [main] .s.d.r.c.RepositoryConfigurationDelegate : Bootstrapping Spring Data JPA repositories in DEFAULT mode.
2026-02-19T02:37:24.442-05:00  INFO 10544 --- [prestamos-service] [main] .s.d.r.c.RepositoryConfigurationDelegate : Finished Spring Data repository scanning in 154 ms. Found 2 JPA repository interfaces.
2026-02-19T02:37:25.174-05:00  INFO 10544 --- [prestamos-service] [main] o.s.cloud.context.scope.GenericScope     : BeanFactory id=dd8495bb-f2c6-3805-967f-d866414c7adb
2026-02-19T02:37:25.644-05:00  INFO 10544 --- [prestamos-service] [main] o.s.b.w.embedded.tomcat.TomcatWebServer  : Tomcat initialized with port 1002 (http)
2026-02-19T02:37:25.663-05:00  INFO 10544 --- [prestamos-service] [main] o.apache.catalina.core.StandardService   : Starting service [Tomcat]
2026-02-19T02:37:25.664-05:00  INFO 10544 --- [prestamos-service] [main] o.apache.catalina.core.StandardEngine    : Starting Servlet engine: [Apache Tomcat/10.1.52]
2026-02-19T02:37:25.772-05:00  INFO 10544 --- [prestamos-service] [main] o.a.c.c.C.[Tomcat].[localhost].[/]       : Initializing Spring embedded WebApplicationContext
2026-02-19T02:37:25.773-05:00  INFO 10544 --- [prestamos-service] [main] w.s.c.ServletWebServerApplicationContext : Root WebApplicationContext: initialization completed in 2253 ms
2026-02-19T02:37:26.112-05:00  INFO 10544 --- [prestamos-service] [main] o.hibernate.jpa.internal.util.LogHelper  : HHH000204: Processing PersistenceUnitInfo [name: default]
2026-02-19T02:37:26.212-05:00  INFO 10544 --- [prestamos-service] [main] org.hibernate.Version                    : HHH000412: Hibernate ORM core version 6.6.42.Final
2026-02-19T02:37:26.264-05:00  INFO 10544 --- [prestamos-service] [main] o.h.c.internal.RegionFactoryInitiator    : HHH000026: Second-level cache disabled
2026-02-19T02:37:26.655-05:00  INFO 10544 --- [prestamos-service] [main] o.s.o.j.p.SpringPersistenceUnitInfo      : No LoadTimeWeaver setup: ignoring JPA class transformer
2026-02-19T02:37:26.700-05:00  INFO 10544 --- [prestamos-service] [main] com.zaxxer.hikari.HikariDataSource       : HikariPool-1 - Starting...
2026-02-19T02:37:27.017-05:00  INFO 10544 --- [prestamos-service] [main] com.zaxxer.hikari.pool.HikariPool        : HikariPool-1 - Added connection com.mysql.cj.jdbc.ConnectionImpl@62ba3045
2026-02-19T02:37:27.020-05:00  INFO 10544 --- [prestamos-service] [main] com.zaxxer.hikari.HikariDataSource       : HikariPool-1 - Start completed.
2026-02-19T02:37:27.092-05:00  WARN 10544 --- [prestamos-service] [main] org.hibernate.orm.deprecation            : HHH90000025: MySQLDialect does not need to be specified explicitly using 'hibernate.dialect' (remove the property setting and it will be selected by default)
2026-02-19T02:37:27.114-05:00  INFO 10544 --- [prestamos-service] [main] org.hibernate.orm.connections.pooling    : HHH10001005: Database info:
	Database JDBC URL [Connecting through datasource 'HikariDataSource (HikariPool-1)']
	Database driver: undefined/unknown
	Database version: 8.0.44
	Autocommit mode: undefined/unknown
	Isolation level: undefined/unknown
	Minimum pool size: undefined/unknown
	Maximum pool size: undefined/unknown
2026-02-19T02:37:28.463-05:00  INFO 10544 --- [prestamos-service] [main] o.h.e.t.j.p.i.JtaPlatformInitiator       : HHH000489: No JTA platform available (set 'hibernate.transaction.jta.platform' to enable JTA platform integration)
2026-02-19T02:37:28.468-05:00  INFO 10544 --- [prestamos-service] [main] j.LocalContainerEntityManagerFactoryBean : Initialized JPA EntityManagerFactory for persistence unit 'default'
2026-02-19T02:37:28.753-05:00  INFO 10544 --- [prestamos-service] [main] o.s.d.j.r.query.QueryEnhancerFactory     : Hibernate is in classpath; If applicable, HQL parser will be used.
2026-02-19T02:37:29.417-05:00  WARN 10544 --- [prestamos-service] [main] JpaBaseConfiguration$JpaWebConfiguration : spring.jpa.open-in-view is enabled by default. Therefore, database queries may be performed during view rendering. Explicitly configure spring.jpa.open-in-view to disable this warning
2026-02-19T02:37:30.533-05:00  INFO 10544 --- [prestamos-service] [main] DiscoveryClientOptionalArgsConfiguration : Eureka HTTP Client uses RestTemplate.
2026-02-19T02:37:30.583-05:00  WARN 10544 --- [prestamos-service] [main] iguration$LoadBalancerCaffeineWarnLogger : Spring Cloud LoadBalancer is currently working with the default cache. While this cache implementation is useful for development and tests, it's recommended to use Caffeine cache in production.You can switch to using Caffeine cache, by adding it and org.springframework.cache.caffeine.CaffeineCacheManager to the classpath.
2026-02-19T02:37:30.590-05:00  INFO 10544 --- [prestamos-service] [main] o.s.b.a.e.web.EndpointLinksResolver      : Exposing 17 endpoints beneath base path '/actuator'
2026-02-19T02:37:30.707-05:00  INFO 10544 --- [prestamos-service] [main] o.s.c.n.eureka.InstanceInfoFactory       : Setting initial instance status as: STARTING
2026-02-19T02:37:30.737-05:00  INFO 10544 --- [prestamos-service] [main] com.netflix.discovery.DiscoveryClient    : Initializing Eureka in region us-east-1
2026-02-19T02:37:30.743-05:00  INFO 10544 --- [prestamos-service] [main] c.n.d.s.r.aws.ConfigClusterResolver      : Resolving eureka endpoints via configuration
2026-02-19T02:37:30.755-05:00  INFO 10544 --- [prestamos-service] [main] com.netflix.discovery.DiscoveryClient    : Disable delta property : false
2026-02-19T02:37:30.755-05:00  INFO 10544 --- [prestamos-service] [main] com.netflix.discovery.DiscoveryClient    : Single vip registry refresh property : null
2026-02-19T02:37:30.755-05:00  INFO 10544 --- [prestamos-service] [main] com.netflix.discovery.DiscoveryClient    : Force full registry fetch : false
2026-02-19T02:37:30.755-05:00  INFO 10544 --- [prestamos-service] [main] com.netflix.discovery.DiscoveryClient    : Application is null : false
2026-02-19T02:37:30.755-05:00  INFO 10544 --- [prestamos-service] [main] com.netflix.discovery.DiscoveryClient    : Registered Applications size is zero : true
2026-02-19T02:37:30.755-05:00  INFO 10544 --- [prestamos-service] [main] com.netflix.discovery.DiscoveryClient    : Application version is -1: true
2026-02-19T02:37:30.755-05:00  INFO 10544 --- [prestamos-service] [main] com.netflix.discovery.DiscoveryClient    : Getting all instance registry info from the eureka server
2026-02-19T02:37:30.949-05:00  INFO 10544 --- [prestamos-service] [main] com.netflix.discovery.DiscoveryClient    : The response status is 200
2026-02-19T02:37:30.952-05:00  INFO 10544 --- [prestamos-service] [main] com.netflix.discovery.DiscoveryClient    : Starting heartbeat executor: renew interval is: 30
2026-02-19T02:37:30.954-05:00  INFO 10544 --- [prestamos-service] [main] c.n.discovery.InstanceInfoReplicator     : InstanceInfoReplicator onDemand update allowed rate per min is 4
2026-02-19T02:37:30.956-05:00  INFO 10544 --- [prestamos-service] [main] com.netflix.discovery.DiscoveryClient    : Discovery Client initialized at timestamp 1771486650956 with initial instances count: 3
2026-02-19T02:37:30.960-05:00  INFO 10544 --- [prestamos-service] [main] o.s.c.n.e.s.EurekaServiceRegistry        : Registering application PRESTAMOS-SERVICE with eureka with status UP
2026-02-19T02:37:30.961-05:00  INFO 10544 --- [prestamos-service] [main] com.netflix.discovery.DiscoveryClient    : Saw local status change event StatusChangeEvent [timestamp=1771486650961, current=UP, previous=STARTING]
2026-02-19T02:37:30.964-05:00  INFO 10544 --- [prestamos-service] [DiscoveryClient-InstanceInfoReplicator-%d] com.netflix.discovery.DiscoveryClient    : DiscoveryClient_PRESTAMOS-SERVICE/LAPTOP-KI23117J:prestamos-service:1002: registering service...
2026-02-19T02:37:30.991-05:00  INFO 10544 --- [prestamos-service] [main] o.s.b.w.embedded.tomcat.TomcatWebServer  : Tomcat started on port 1002 (http) with context path '/'
2026-02-19T02:37:30.992-05:00  INFO 10544 --- [prestamos-service] [main] .s.c.n.e.s.EurekaAutoServiceRegistration : Updating port to 1002
2026-02-19T02:37:31.025-05:00  INFO 10544 --- [prestamos-service] [DiscoveryClient-InstanceInfoReplicator-%d] com.netflix.discovery.DiscoveryClient    : DiscoveryClient_PRESTAMOS-SERVICE/LAPTOP-KI23117J:prestamos-service:1002 - registration status: 204
2026-02-19T02:37:31.151-05:00  INFO 10544 --- [prestamos-service] [main] c.cibertec.PrestamosServiceApplication   : Started PrestamosServiceApplication in 8.878 seconds (process running for 9.837)
2026-02-19T02:37:32.974-05:00  INFO 10544 --- [prestamos-service] [RMI TCP Connection(9)-127.0.0.1] o.a.c.c.C.[Tomcat].[localhost].[/]       : Initializing Spring DispatcherServlet 'dispatcherServlet'
2026-02-19T02:37:32.975-05:00  INFO 10544 --- [prestamos-service] [RMI TCP Connection(9)-127.0.0.1] o.s.web.servlet.DispatcherServlet        : Initializing Servlet 'dispatcherServlet'
2026-02-19T02:37:32.978-05:00  INFO 10544 --- [prestamos-service] [RMI TCP Connection(9)-127.0.0.1] o.s.web.servlet.DispatcherServlet        : Completed initialization in 3 ms
2026-02-19T02:42:30.761-05:00  INFO 10544 --- [prestamos-service] [AsyncResolver-bootstrap-executor-%d] c.n.d.s.r.aws.ConfigClusterResolver      : Resolving eureka endpoints via configuration
2026-02-19T02:47:30.764-05:00  INFO 10544 --- [prestamos-service] [AsyncResolver-bootstrap-executor-%d] c.n.d.s.r.aws.ConfigClusterResolver      : Resolving eureka endpoints via configuration
2026-02-19T02:52:30.780-05:00  INFO 10544 --- [prestamos-service] [AsyncResolver-bootstrap-executor-%d] c.n.d.s.r.aws.ConfigClusterResolver      : Resolving eureka endpoints via configuration
2026-02-19T02:52:31.681-05:00  INFO 10544 --- [prestamos-service] [RMI TCP Connection(25)-127.0.0.1] inMXBeanRegistrar$SpringApplicationAdmin : Application shutdown requested.
2026-02-19T02:52:31.686-05:00  INFO 10544 --- [prestamos-service] [RMI TCP Connection(25)-127.0.0.1] o.s.c.n.e.s.EurekaServiceRegistry        : Unregistering application PRESTAMOS-SERVICE with eureka with status DOWN
2026-02-19T02:52:31.686-05:00  INFO 10544 --- [prestamos-service] [RMI TCP Connection(25)-127.0.0.1] com.netflix.discovery.DiscoveryClient    : Saw local status change event StatusChangeEvent [timestamp=1771487551686, current=DOWN, previous=UP]
2026-02-19T02:52:31.686-05:00  INFO 10544 --- [prestamos-service] [DiscoveryClient-InstanceInfoReplicator-%d] com.netflix.discovery.DiscoveryClient    : DiscoveryClient_PRESTAMOS-SERVICE/LAPTOP-KI23117J:prestamos-service:1002: registering service...
2026-02-19T02:52:31.711-05:00  INFO 10544 --- [prestamos-service] [RMI TCP Connection(25)-127.0.0.1] o.s.b.w.e.tomcat.GracefulShutdown        : Commencing graceful shutdown. Waiting for active requests to complete
2026-02-19T02:52:31.735-05:00  INFO 10544 --- [prestamos-service] [DiscoveryClient-InstanceInfoReplicator-%d] com.netflix.discovery.DiscoveryClient    : DiscoveryClient_PRESTAMOS-SERVICE/LAPTOP-KI23117J:prestamos-service:1002 - registration status: 204
2026-02-19T02:52:31.944-05:00  INFO 10544 --- [prestamos-service] [tomcat-shutdown] o.s.b.w.e.tomcat.GracefulShutdown        : Graceful shutdown complete
2026-02-19T02:52:31.967-05:00  INFO 10544 --- [prestamos-service] [RMI TCP Connection(25)-127.0.0.1] j.LocalContainerEntityManagerFactoryBean : Closing JPA EntityManagerFactory for persistence unit 'default'
2026-02-19T02:52:31.973-05:00  INFO 10544 --- [prestamos-service] [RMI TCP Connection(25)-127.0.0.1] com.zaxxer.hikari.HikariDataSource       : HikariPool-1 - Shutdown initiated...
2026-02-19T02:52:31.983-05:00  INFO 10544 --- [prestamos-service] [RMI TCP Connection(25)-127.0.0.1] com.zaxxer.hikari.HikariDataSource       : HikariPool-1 - Shutdown completed.
2026-02-19T02:52:31.984-05:00  INFO 10544 --- [prestamos-service] [RMI TCP Connection(25)-127.0.0.1] com.netflix.discovery.DiscoveryClient    : Shutting down DiscoveryClient ...
2026-02-19T02:52:34.986-05:00  INFO 10544 --- [prestamos-service] [RMI TCP Connection(25)-127.0.0.1] com.netflix.discovery.DiscoveryClient    : Unregistering ...
2026-02-19T02:52:35.004-05:00  INFO 10544 --- [prestamos-service] [RMI TCP Connection(25)-127.0.0.1] com.netflix.discovery.DiscoveryClient    : DiscoveryClient_PRESTAMOS-SERVICE/LAPTOP-KI23117J:prestamos-service:1002 - deregister  status: 200
2026-02-19T02:52:35.005-05:00  INFO 10544 --- [prestamos-service] [RMI TCP Connection(25)-127.0.0.1] com.netflix.discovery.DiscoveryClient    : Completed shut down of DiscoveryClient
2026-02-19T19:22:58.940-05:00  INFO 18128 --- [prestamos-service] [main] c.cibertec.PrestamosServiceApplication   : Starting PrestamosServiceApplication using Java 17.0.10 with PID 18128 (C:\Users\joesc\OneDrive\Desktop\ProyectoBiblioteca\01_contenedor\prestamos-service\prestamos-service\target\classes started by joesc in C:\Users\joesc\OneDrive\Desktop\ProyectoBiblioteca\01_contenedor\prestamos-service\prestamos-service)
2026-02-19T19:22:58.944-05:00  INFO 18128 --- [prestamos-service] [main] c.cibertec.PrestamosServiceApplication   : No active profile set, falling back to 1 default profile: "default"
2026-02-19T19:22:58.990-05:00  INFO 18128 --- [prestamos-service] [main] o.s.c.c.c.ConfigServerConfigDataLoader   : Fetching config from server at : http://localhost:8888
2026-02-19T19:22:58.990-05:00  INFO 18128 --- [prestamos-service] [main] o.s.c.c.c.ConfigServerConfigDataLoader   : Located environment: name=prestamos-service, profiles=[default], label=null, version=null, state=null
2026-02-19T19:22:59.585-05:00  INFO 18128 --- [prestamos-service] [main] .s.d.r.c.RepositoryConfigurationDelegate : Bootstrapping Spring Data JPA repositories in DEFAULT mode.
2026-02-19T19:22:59.722-05:00  INFO 18128 --- [prestamos-service] [main] .s.d.r.c.RepositoryConfigurationDelegate : Finished Spring Data repository scanning in 124 ms. Found 2 JPA repository interfaces.
2026-02-19T19:23:00.228-05:00  INFO 18128 --- [prestamos-service] [main] o.s.cloud.context.scope.GenericScope     : BeanFactory id=dd8495bb-f2c6-3805-967f-d866414c7adb
2026-02-19T19:23:00.562-05:00  INFO 18128 --- [prestamos-service] [main] o.s.b.w.embedded.tomcat.TomcatWebServer  : Tomcat initialized with port 1002 (http)
2026-02-19T19:23:00.573-05:00  INFO 18128 --- [prestamos-service] [main] o.apache.catalina.core.StandardService   : Starting service [Tomcat]
2026-02-19T19:23:00.574-05:00  INFO 18128 --- [prestamos-service] [main] o.apache.catalina.core.StandardEngine    : Starting Servlet engine: [Apache Tomcat/10.1.52]
2026-02-19T19:23:00.629-05:00  INFO 18128 --- [prestamos-service] [main] o.a.c.c.C.[Tomcat].[localhost].[/]       : Initializing Spring embedded WebApplicationContext
2026-02-19T19:23:00.629-05:00  INFO 18128 --- [prestamos-service] [main] w.s.c.ServletWebServerApplicationContext : Root WebApplicationContext: initialization completed in 1637 ms
2026-02-19T19:23:00.885-05:00  INFO 18128 --- [prestamos-service] [main] o.hibernate.jpa.internal.util.LogHelper  : HHH000204: Processing PersistenceUnitInfo [name: default]
2026-02-19T19:23:00.958-05:00  INFO 18128 --- [prestamos-service] [main] org.hibernate.Version                    : HHH000412: Hibernate ORM core version 6.6.42.Final
2026-02-19T19:23:00.999-05:00  INFO 18128 --- [prestamos-service] [main] o.h.c.internal.RegionFactoryInitiator    : HHH000026: Second-level cache disabled
2026-02-19T19:23:01.285-05:00  INFO 18128 --- [prestamos-service] [main] o.s.o.j.p.SpringPersistenceUnitInfo      : No LoadTimeWeaver setup: ignoring JPA class transformer
2026-02-19T19:23:01.320-05:00  INFO 18128 --- [prestamos-service] [main] com.zaxxer.hikari.HikariDataSource       : HikariPool-1 - Starting...
2026-02-19T19:23:01.577-05:00  INFO 18128 --- [prestamos-service] [main] com.zaxxer.hikari.pool.HikariPool        : HikariPool-1 - Added connection com.mysql.cj.jdbc.ConnectionImpl@62ba3045
2026-02-19T19:23:01.579-05:00  INFO 18128 --- [prestamos-service] [main] com.zaxxer.hikari.HikariDataSource       : HikariPool-1 - Start completed.
2026-02-19T19:23:01.631-05:00  WARN 18128 --- [prestamos-service] [main] org.hibernate.orm.deprecation            : HHH90000025: MySQLDialect does not need to be specified explicitly using 'hibernate.dialect' (remove the property setting and it will be selected by default)
2026-02-19T19:23:01.650-05:00  INFO 18128 --- [prestamos-service] [main] org.hibernate.orm.connections.pooling    : HHH10001005: Database info:
	Database JDBC URL [Connecting through datasource 'HikariDataSource (HikariPool-1)']
	Database driver: undefined/unknown
	Database version: 8.0.44
	Autocommit mode: undefined/unknown
	Isolation level: undefined/unknown
	Minimum pool size: undefined/unknown
	Maximum pool size: undefined/unknown
2026-02-19T19:23:02.622-05:00  INFO 18128 --- [prestamos-service] [main] o.h.e.t.j.p.i.JtaPlatformInitiator       : HHH000489: No JTA platform available (set 'hibernate.transaction.jta.platform' to enable JTA platform integration)
2026-02-19T19:23:02.626-05:00  INFO 18128 --- [prestamos-service] [main] j.LocalContainerEntityManagerFactoryBean : Initialized JPA EntityManagerFactory for persistence unit 'default'
2026-02-19T19:23:02.876-05:00  INFO 18128 --- [prestamos-service] [main] o.s.d.j.r.query.QueryEnhancerFactory     : Hibernate is in classpath; If applicable, HQL parser will be used.
2026-02-19T19:23:03.429-05:00  WARN 18128 --- [prestamos-service] [main] JpaBaseConfiguration$JpaWebConfiguration : spring.jpa.open-in-view is enabled by default. Therefore, database queries may be performed during view rendering. Explicitly configure spring.jpa.open-in-view to disable this warning
2026-02-19T19:23:04.293-05:00  INFO 18128 --- [prestamos-service] [main] DiscoveryClientOptionalArgsConfiguration : Eureka HTTP Client uses RestTemplate.
2026-02-19T19:23:04.329-05:00  WARN 18128 --- [prestamos-service] [main] iguration$LoadBalancerCaffeineWarnLogger : Spring Cloud LoadBalancer is currently working with the default cache. While this cache implementation is useful for development and tests, it's recommended to use Caffeine cache in production.You can switch to using Caffeine cache, by adding it and org.springframework.cache.caffeine.CaffeineCacheManager to the classpath.
2026-02-19T19:23:04.335-05:00  INFO 18128 --- [prestamos-service] [main] o.s.b.a.e.web.EndpointLinksResolver      : Exposing 17 endpoints beneath base path '/actuator'
2026-02-19T19:23:04.436-05:00  INFO 18128 --- [prestamos-service] [main] o.s.c.n.eureka.InstanceInfoFactory       : Setting initial instance status as: STARTING
2026-02-19T19:23:04.461-05:00  INFO 18128 --- [prestamos-service] [main] com.netflix.discovery.DiscoveryClient    : Initializing Eureka in region us-east-1
2026-02-19T19:23:04.465-05:00  INFO 18128 --- [prestamos-service] [main] c.n.d.s.r.aws.ConfigClusterResolver      : Resolving eureka endpoints via configuration
2026-02-19T19:23:04.474-05:00  INFO 18128 --- [prestamos-service] [main] com.netflix.discovery.DiscoveryClient    : Disable delta property : false
2026-02-19T19:23:04.475-05:00  INFO 18128 --- [prestamos-service] [main] com.netflix.discovery.DiscoveryClient    : Single vip registry refresh property : null
2026-02-19T19:23:04.475-05:00  INFO 18128 --- [prestamos-service] [main] com.netflix.discovery.DiscoveryClient    : Force full registry fetch : false
2026-02-19T19:23:04.475-05:00  INFO 18128 --- [prestamos-service] [main] com.netflix.discovery.DiscoveryClient    : Application is null : false
2026-02-19T19:23:04.475-05:00  INFO 18128 --- [prestamos-service] [main] com.netflix.discovery.DiscoveryClient    : Registered Applications size is zero : true
2026-02-19T19:23:04.475-05:00  INFO 18128 --- [prestamos-service] [main] com.netflix.discovery.DiscoveryClient    : Application version is -1: true
2026-02-19T19:23:04.475-05:00  INFO 18128 --- [prestamos-service] [main] com.netflix.discovery.DiscoveryClient    : Getting all instance registry info from the eureka server
2026-02-19T19:23:04.622-05:00  INFO 18128 --- [prestamos-service] [main] com.netflix.discovery.DiscoveryClient    : The response status is 200
2026-02-19T19:23:04.624-05:00  INFO 18128 --- [prestamos-service] [main] com.netflix.discovery.DiscoveryClient    : Starting heartbeat executor: renew interval is: 30
2026-02-19T19:23:04.626-05:00  INFO 18128 --- [prestamos-service] [main] c.n.discovery.InstanceInfoReplicator     : InstanceInfoReplicator onDemand update allowed rate per min is 4
2026-02-19T19:23:04.627-05:00  INFO 18128 --- [prestamos-service] [main] com.netflix.discovery.DiscoveryClient    : Discovery Client initialized at timestamp 1771546984627 with initial instances count: 2
2026-02-19T19:23:04.630-05:00  INFO 18128 --- [prestamos-service] [main] o.s.c.n.e.s.EurekaServiceRegistry        : Registering application PRESTAMOS-SERVICE with eureka with status UP
2026-02-19T19:23:04.631-05:00  INFO 18128 --- [prestamos-service] [main] com.netflix.discovery.DiscoveryClient    : Saw local status change event StatusChangeEvent [timestamp=1771546984631, current=UP, previous=STARTING]
2026-02-19T19:23:04.633-05:00  INFO 18128 --- [prestamos-service] [DiscoveryClient-InstanceInfoReplicator-%d] com.netflix.discovery.DiscoveryClient    : DiscoveryClient_PRESTAMOS-SERVICE/10.143.140.178:prestamos-service:1002: registering service...
2026-02-19T19:23:04.652-05:00  INFO 18128 --- [prestamos-service] [main] o.s.b.w.embedded.tomcat.TomcatWebServer  : Tomcat started on port 1002 (http) with context path '/'
2026-02-19T19:23:04.653-05:00  INFO 18128 --- [prestamos-service] [main] .s.c.n.e.s.EurekaAutoServiceRegistration : Updating port to 1002
2026-02-19T19:23:04.677-05:00  INFO 18128 --- [prestamos-service] [DiscoveryClient-InstanceInfoReplicator-%d] com.netflix.discovery.DiscoveryClient    : DiscoveryClient_PRESTAMOS-SERVICE/10.143.140.178:prestamos-service:1002 - registration status: 204
2026-02-19T19:23:04.780-05:00  INFO 18128 --- [prestamos-service] [main] c.cibertec.PrestamosServiceApplication   : Started PrestamosServiceApplication in 6.827 seconds (process running for 7.519)
2026-02-19T19:23:05.183-05:00  INFO 18128 --- [prestamos-service] [RMI TCP Connection(9)-127.0.0.1] o.a.c.c.C.[Tomcat].[localhost].[/]       : Initializing Spring DispatcherServlet 'dispatcherServlet'
2026-02-19T19:23:05.184-05:00  INFO 18128 --- [prestamos-service] [RMI TCP Connection(9)-127.0.0.1] o.s.web.servlet.DispatcherServlet        : Initializing Servlet 'dispatcherServlet'
2026-02-19T19:23:05.186-05:00  INFO 18128 --- [prestamos-service] [RMI TCP Connection(9)-127.0.0.1] o.s.web.servlet.DispatcherServlet        : Completed initialization in 2 ms
2026-02-19T19:28:04.484-05:00  INFO 18128 --- [prestamos-service] [AsyncResolver-bootstrap-executor-%d] c.n.d.s.r.aws.ConfigClusterResolver      : Resolving eureka endpoints via configuration
2026-02-19T19:29:38.993-05:00  INFO 18128 --- [prestamos-service] [RMI TCP Connection(17)-127.0.0.1] inMXBeanRegistrar$SpringApplicationAdmin : Application shutdown requested.
2026-02-19T19:29:38.994-05:00  INFO 18128 --- [prestamos-service] [RMI TCP Connection(17)-127.0.0.1] o.s.c.n.e.s.EurekaServiceRegistry        : Unregistering application PRESTAMOS-SERVICE with eureka with status DOWN
2026-02-19T19:29:38.994-05:00  INFO 18128 --- [prestamos-service] [RMI TCP Connection(17)-127.0.0.1] com.netflix.discovery.DiscoveryClient    : Saw local status change event StatusChangeEvent [timestamp=1771547378994, current=DOWN, previous=UP]
2026-02-19T19:29:38.994-05:00  INFO 18128 --- [prestamos-service] [DiscoveryClient-InstanceInfoReplicator-%d] com.netflix.discovery.DiscoveryClient    : DiscoveryClient_PRESTAMOS-SERVICE/10.143.140.178:prestamos-service:1002: registering service...
2026-02-19T19:29:38.997-05:00  INFO 18128 --- [prestamos-service] [RMI TCP Connection(17)-127.0.0.1] o.s.b.w.e.tomcat.GracefulShutdown        : Commencing graceful shutdown. Waiting for active requests to complete
2026-02-19T19:29:39.012-05:00  INFO 18128 --- [prestamos-service] [DiscoveryClient-InstanceInfoReplicator-%d] com.netflix.discovery.DiscoveryClient    : DiscoveryClient_PRESTAMOS-SERVICE/10.143.140.178:prestamos-service:1002 - registration status: 204
2026-02-19T19:29:39.210-05:00  INFO 18128 --- [prestamos-service] [tomcat-shutdown] o.s.b.w.e.tomcat.GracefulShutdown        : Graceful shutdown complete
2026-02-19T19:29:39.226-05:00  INFO 18128 --- [prestamos-service] [RMI TCP Connection(17)-127.0.0.1] j.LocalContainerEntityManagerFactoryBean : Closing JPA EntityManagerFactory for persistence unit 'default'
2026-02-19T19:29:39.229-05:00  INFO 18128 --- [prestamos-service] [RMI TCP Connection(17)-127.0.0.1] com.zaxxer.hikari.HikariDataSource       : HikariPool-1 - Shutdown initiated...
2026-02-19T19:29:39.236-05:00  INFO 18128 --- [prestamos-service] [RMI TCP Connection(17)-127.0.0.1] com.zaxxer.hikari.HikariDataSource       : HikariPool-1 - Shutdown completed.
2026-02-19T19:29:39.237-05:00  INFO 18128 --- [prestamos-service] [RMI TCP Connection(17)-127.0.0.1] com.netflix.discovery.DiscoveryClient    : Shutting down DiscoveryClient ...
2026-02-19T19:29:42.247-05:00  INFO 18128 --- [prestamos-service] [RMI TCP Connection(17)-127.0.0.1] com.netflix.discovery.DiscoveryClient    : Unregistering ...
2026-02-19T19:29:42.264-05:00  INFO 18128 --- [prestamos-service] [RMI TCP Connection(17)-127.0.0.1] com.netflix.discovery.DiscoveryClient    : DiscoveryClient_PRESTAMOS-SERVICE/10.143.140.178:prestamos-service:1002 - deregister  status: 200
2026-02-19T19:29:42.265-05:00  INFO 18128 --- [prestamos-service] [RMI TCP Connection(17)-127.0.0.1] com.netflix.discovery.DiscoveryClient    : Completed shut down of DiscoveryClient
2026-02-19T19:43:12.134-05:00  INFO 18612 --- [prestamos-service] [main] c.cibertec.PrestamosServiceApplication   : Starting PrestamosServiceApplication using Java 17.0.10 with PID 18612 (C:\Users\joesc\OneDrive\Desktop\ProyectoBiblioteca\01_contenedor\prestamos-service\prestamos-service\target\classes started by joesc in C:\Users\joesc\OneDrive\Desktop\ProyectoBiblioteca\01_contenedor\prestamos-service\prestamos-service)
2026-02-19T19:43:12.137-05:00  INFO 18612 --- [prestamos-service] [main] c.cibertec.PrestamosServiceApplication   : No active profile set, falling back to 1 default profile: "default"
2026-02-19T19:43:12.203-05:00  INFO 18612 --- [prestamos-service] [main] o.s.c.c.c.ConfigServerConfigDataLoader   : Fetching config from server at : http://localhost:8888
2026-02-19T19:43:12.203-05:00  INFO 18612 --- [prestamos-service] [main] o.s.c.c.c.ConfigServerConfigDataLoader   : Located environment: name=prestamos-service, profiles=[default], label=null, version=null, state=null
2026-02-19T19:43:13.125-05:00  INFO 18612 --- [prestamos-service] [main] .s.d.r.c.RepositoryConfigurationDelegate : Bootstrapping Spring Data JPA repositories in DEFAULT mode.
2026-02-19T19:43:13.352-05:00  INFO 18612 --- [prestamos-service] [main] .s.d.r.c.RepositoryConfigurationDelegate : Finished Spring Data repository scanning in 180 ms. Found 2 JPA repository interfaces.
2026-02-19T19:43:14.114-05:00  INFO 18612 --- [prestamos-service] [main] o.s.cloud.context.scope.GenericScope     : BeanFactory id=07f2923d-c7c6-3034-a0c8-ad322185c6fb
2026-02-19T19:43:14.557-05:00  INFO 18612 --- [prestamos-service] [main] o.s.b.w.embedded.tomcat.TomcatWebServer  : Tomcat initialized with port 1002 (http)
2026-02-19T19:43:14.573-05:00  INFO 18612 --- [prestamos-service] [main] o.apache.catalina.core.StandardService   : Starting service [Tomcat]
2026-02-19T19:43:14.573-05:00  INFO 18612 --- [prestamos-service] [main] o.apache.catalina.core.StandardEngine    : Starting Servlet engine: [Apache Tomcat/10.1.52]
2026-02-19T19:43:14.673-05:00  INFO 18612 --- [prestamos-service] [main] o.a.c.c.C.[Tomcat].[localhost].[/]       : Initializing Spring embedded WebApplicationContext
2026-02-19T19:43:14.674-05:00  INFO 18612 --- [prestamos-service] [main] w.s.c.ServletWebServerApplicationContext : Root WebApplicationContext: initialization completed in 2467 ms
2026-02-19T19:43:15.100-05:00  INFO 18612 --- [prestamos-service] [main] o.hibernate.jpa.internal.util.LogHelper  : HHH000204: Processing PersistenceUnitInfo [name: default]
2026-02-19T19:43:15.194-05:00  INFO 18612 --- [prestamos-service] [main] org.hibernate.Version                    : HHH000412: Hibernate ORM core version 6.6.42.Final
2026-02-19T19:43:15.248-05:00  INFO 18612 --- [prestamos-service] [main] o.h.c.internal.RegionFactoryInitiator    : HHH000026: Second-level cache disabled
2026-02-19T19:43:15.674-05:00  INFO 18612 --- [prestamos-service] [main] o.s.o.j.p.SpringPersistenceUnitInfo      : No LoadTimeWeaver setup: ignoring JPA class transformer
2026-02-19T19:43:15.717-05:00  INFO 18612 --- [prestamos-service] [main] com.zaxxer.hikari.HikariDataSource       : HikariPool-1 - Starting...
2026-02-19T19:43:16.082-05:00  INFO 18612 --- [prestamos-service] [main] com.zaxxer.hikari.pool.HikariPool        : HikariPool-1 - Added connection com.mysql.cj.jdbc.ConnectionImpl@b4c89b6
2026-02-19T19:43:16.084-05:00  INFO 18612 --- [prestamos-service] [main] com.zaxxer.hikari.HikariDataSource       : HikariPool-1 - Start completed.
2026-02-19T19:43:16.182-05:00  WARN 18612 --- [prestamos-service] [main] org.hibernate.orm.deprecation            : HHH90000025: MySQLDialect does not need to be specified explicitly using 'hibernate.dialect' (remove the property setting and it will be selected by default)
2026-02-19T19:43:16.215-05:00  INFO 18612 --- [prestamos-service] [main] org.hibernate.orm.connections.pooling    : HHH10001005: Database info:
	Database JDBC URL [Connecting through datasource 'HikariDataSource (HikariPool-1)']
	Database driver: undefined/unknown
	Database version: 8.0.44
	Autocommit mode: undefined/unknown
	Isolation level: undefined/unknown
	Minimum pool size: undefined/unknown
	Maximum pool size: undefined/unknown
2026-02-19T19:43:17.792-05:00  INFO 18612 --- [prestamos-service] [main] o.h.e.t.j.p.i.JtaPlatformInitiator       : HHH000489: No JTA platform available (set 'hibernate.transaction.jta.platform' to enable JTA platform integration)
2026-02-19T19:43:17.796-05:00  INFO 18612 --- [prestamos-service] [main] j.LocalContainerEntityManagerFactoryBean : Initialized JPA EntityManagerFactory for persistence unit 'default'
2026-02-19T19:43:18.151-05:00  INFO 18612 --- [prestamos-service] [main] o.s.d.j.r.query.QueryEnhancerFactory     : Hibernate is in classpath; If applicable, HQL parser will be used.
2026-02-19T19:43:19.007-05:00  INFO 18612 --- [prestamos-service] [main] o.s.a.r.c.CachingConnectionFactory       : Attempting to connect to: [localhost:5672]
2026-02-19T19:43:19.054-05:00  WARN 18612 --- [prestamos-service] [main] ConfigServletWebServerApplicationContext : Exception encountered during context initialization - cancelling refresh attempt: org.springframework.beans.factory.BeanCreationException: Error creating bean with name 'rabbitAdmin' defined in class path resource [com/cibertec/conf/RabbitMqConf.class]: Failed to instantiate [org.springframework.amqp.rabbit.core.RabbitAdmin]: Factory method 'rabbitAdmin' threw exception with message: java.net.ConnectException: Connection refused: no further information
2026-02-19T19:43:19.056-05:00  INFO 18612 --- [prestamos-service] [main] j.LocalContainerEntityManagerFactoryBean : Closing JPA EntityManagerFactory for persistence unit 'default'
2026-02-19T19:43:19.059-05:00  INFO 18612 --- [prestamos-service] [main] com.zaxxer.hikari.HikariDataSource       : HikariPool-1 - Shutdown initiated...
2026-02-19T19:43:19.070-05:00  INFO 18612 --- [prestamos-service] [main] com.zaxxer.hikari.HikariDataSource       : HikariPool-1 - Shutdown completed.
2026-02-19T19:43:19.074-05:00  INFO 18612 --- [prestamos-service] [main] o.apache.catalina.core.StandardService   : Stopping service [Tomcat]
2026-02-19T19:43:19.099-05:00  INFO 18612 --- [prestamos-service] [main] .s.b.a.l.ConditionEvaluationReportLogger : 

Error starting ApplicationContext. To display the condition evaluation report re-run your application with 'debug' enabled.
2026-02-19T19:43:19.124-05:00 ERROR 18612 --- [prestamos-service] [main] o.s.boot.SpringApplication               : Application run failed

org.springframework.beans.factory.BeanCreationException: Error creating bean with name 'rabbitAdmin' defined in class path resource [com/cibertec/conf/RabbitMqConf.class]: Failed to instantiate [org.springframework.amqp.rabbit.core.RabbitAdmin]: Factory method 'rabbitAdmin' threw exception with message: java.net.ConnectException: Connection refused: no further information
	at org.springframework.beans.factory.support.ConstructorResolver.instantiate(ConstructorResolver.java:657) ~[spring-beans-6.2.16.jar:6.2.16]
	at org.springframework.beans.factory.support.ConstructorResolver.instantiateUsingFactoryMethod(ConstructorResolver.java:645) ~[spring-beans-6.2.16.jar:6.2.16]
	at org.springframework.beans.factory.support.AbstractAutowireCapableBeanFactory.instantiateUsingFactoryMethod(AbstractAutowireCapableBeanFactory.java:1375) ~[spring-beans-6.2.16.jar:6.2.16]
	at org.springframework.beans.factory.support.AbstractAutowireCapableBeanFactory.createBeanInstance(AbstractAutowireCapableBeanFactory.java:1205) ~[spring-beans-6.2.16.jar:6.2.16]
	at org.springframework.beans.factory.support.AbstractAutowireCapableBeanFactory.doCreateBean(AbstractAutowireCapableBeanFactory.java:569) ~[spring-beans-6.2.16.jar:6.2.16]
	at org.springframework.beans.factory.support.AbstractAutowireCapableBeanFactory.createBean(AbstractAutowireCapableBeanFactory.java:529) ~[spring-beans-6.2.16.jar:6.2.16]
	at org.springframework.beans.factory.support.AbstractBeanFactory.lambda$doGetBean$0(AbstractBeanFactory.java:339) ~[spring-beans-6.2.16.jar:6.2.16]
	at org.springframework.beans.factory.support.DefaultSingletonBeanRegistry.getSingleton(DefaultSingletonBeanRegistry.java:373) ~[spring-beans-6.2.16.jar:6.2.16]
	at org.springframework.beans.factory.support.AbstractBeanFactory.doGetBean(AbstractBeanFactory.java:337) ~[spring-beans-6.2.16.jar:6.2.16]
	at org.springframework.beans.factory.support.AbstractBeanFactory.getBean(AbstractBeanFactory.java:202) ~[spring-beans-6.2.16.jar:6.2.16]
	at org.springframework.beans.factory.support.DefaultListableBeanFactory.instantiateSingleton(DefaultListableBeanFactory.java:1228) ~[spring-beans-6.2.16.jar:6.2.16]
	at org.springframework.beans.factory.support.DefaultListableBeanFactory.preInstantiateSingleton(DefaultListableBeanFactory.java:1194) ~[spring-beans-6.2.16.jar:6.2.16]
	at org.springframework.beans.factory.support.DefaultListableBeanFactory.preInstantiateSingletons(DefaultListableBeanFactory.java:1130) ~[spring-beans-6.2.16.jar:6.2.16]
	at org.springframework.context.support.AbstractApplicationContext.finishBeanFactoryInitialization(AbstractApplicationContext.java:991) ~[spring-context-6.2.16.jar:6.2.16]
	at org.springframework.context.support.AbstractApplicationContext.refresh(AbstractApplicationContext.java:628) ~[spring-context-6.2.16.jar:6.2.16]
	at org.springframework.boot.web.servlet.context.ServletWebServerApplicationContext.refresh(ServletWebServerApplicationContext.java:146) ~[spring-boot-3.5.11-SNAPSHOT.jar:3.5.11-SNAPSHOT]
	at org.springframework.boot.SpringApplication.refresh(SpringApplication.java:752) ~[spring-boot-3.5.11-SNAPSHOT.jar:3.5.11-SNAPSHOT]
	at org.springframework.boot.SpringApplication.refreshContext(SpringApplication.java:439) ~[spring-boot-3.5.11-SNAPSHOT.jar:3.5.11-SNAPSHOT]
	at org.springframework.boot.SpringApplication.run(SpringApplication.java:318) ~[spring-boot-3.5.11-SNAPSHOT.jar:3.5.11-SNAPSHOT]
	at org.springframework.boot.SpringApplication.run(SpringApplication.java:1361) ~[spring-boot-3.5.11-SNAPSHOT.jar:3.5.11-SNAPSHOT]
	at org.springframework.boot.SpringApplication.run(SpringApplication.java:1350) ~[spring-boot-3.5.11-SNAPSHOT.jar:3.5.11-SNAPSHOT]
	at com.cibertec.PrestamosServiceApplication.main(PrestamosServiceApplication.java:14) ~[classes/:na]
Caused by: org.springframework.beans.BeanInstantiationException: Failed to instantiate [org.springframework.amqp.rabbit.core.RabbitAdmin]: Factory method 'rabbitAdmin' threw exception with message: java.net.ConnectException: Connection refused: no further information
	at org.springframework.beans.factory.support.SimpleInstantiationStrategy.lambda$instantiate$0(SimpleInstantiationStrategy.java:200) ~[spring-beans-6.2.16.jar:6.2.16]
	at org.springframework.beans.factory.support.SimpleInstantiationStrategy.instantiateWithFactoryMethod(SimpleInstantiationStrategy.java:89) ~[spring-beans-6.2.16.jar:6.2.16]
	at org.springframework.beans.factory.support.SimpleInstantiationStrategy.instantiate(SimpleInstantiationStrategy.java:169) ~[spring-beans-6.2.16.jar:6.2.16]
	at org.springframework.beans.factory.support.ConstructorResolver.instantiate(ConstructorResolver.java:653) ~[spring-beans-6.2.16.jar:6.2.16]
	... 21 common frames omitted
Caused by: org.springframework.amqp.AmqpConnectException: java.net.ConnectException: Connection refused: no further information
	at org.springframework.amqp.rabbit.support.RabbitExceptionTranslator.convertRabbitAccessException(RabbitExceptionTranslator.java:61) ~[spring-rabbit-3.2.9.jar:3.2.9]
	at org.springframework.amqp.rabbit.connection.AbstractConnectionFactory.createBareConnection(AbstractConnectionFactory.java:632) ~[spring-rabbit-3.2.9.jar:3.2.9]
	at org.springframework.amqp.rabbit.connection.CachingConnectionFactory.createConnection(CachingConnectionFactory.java:726) ~[spring-rabbit-3.2.9.jar:3.2.9]
	at org.springframework.amqp.rabbit.connection.ConnectionFactoryUtils.createConnection(ConnectionFactoryUtils.java:257) ~[spring-rabbit-3.2.9.jar:3.2.9]
	at org.springframework.amqp.rabbit.core.RabbitTemplate.doExecute(RabbitTemplate.java:2261) ~[spring-rabbit-3.2.9.jar:3.2.9]
	at org.springframework.amqp.rabbit.core.RabbitTemplate.execute(RabbitTemplate.java:2234) ~[spring-rabbit-3.2.9.jar:3.2.9]
	at org.springframework.amqp.rabbit.core.RabbitTemplate.execute(RabbitTemplate.java:2214) ~[spring-rabbit-3.2.9.jar:3.2.9]
	at org.springframework.amqp.rabbit.core.RabbitAdmin.declareQueue(RabbitAdmin.java:302) ~[spring-rabbit-3.2.9.jar:3.2.9]
	at com.cibertec.conf.RabbitMqConf.rabbitAdmin(RabbitMqConf.java:38) ~[classes/:na]
	at com.cibertec.conf.RabbitMqConf$$SpringCGLIB$$0.CGLIB$rabbitAdmin$1(<generated>) ~[classes/:na]
	at com.cibertec.conf.RabbitMqConf$$SpringCGLIB$$FastClass$$1.invoke(<generated>) ~[classes/:na]
	at org.springframework.cglib.proxy.MethodProxy.invokeSuper(MethodProxy.java:258) ~[spring-core-6.2.16.jar:6.2.16]
	at org.springframework.context.annotation.ConfigurationClassEnhancer$BeanMethodInterceptor.intercept(ConfigurationClassEnhancer.java:400) ~[spring-context-6.2.16.jar:6.2.16]
	at com.cibertec.conf.RabbitMqConf$$SpringCGLIB$$0.rabbitAdmin(<generated>) ~[classes/:na]
	at java.base/jdk.internal.reflect.NativeMethodAccessorImpl.invoke0(Native Method) ~[na:na]
	at java.base/jdk.internal.reflect.NativeMethodAccessorImpl.invoke(NativeMethodAccessorImpl.java:77) ~[na:na]
	at java.base/jdk.internal.reflect.DelegatingMethodAccessorImpl.invoke(DelegatingMethodAccessorImpl.java:43) ~[na:na]
	at java.base/java.lang.reflect.Method.invoke(Method.java:568) ~[na:na]
	at org.springframework.beans.factory.support.SimpleInstantiationStrategy.lambda$instantiate$0(SimpleInstantiationStrategy.java:172) ~[spring-beans-6.2.16.jar:6.2.16]
	... 24 common frames omitted
Caused by: java.net.ConnectException: Connection refused: no further information
	at java.base/sun.nio.ch.Net.pollConnect(Native Method) ~[na:na]
	at java.base/sun.nio.ch.Net.pollConnectNow(Net.java:672) ~[na:na]
	at java.base/sun.nio.ch.NioSocketImpl.timedFinishConnect(NioSocketImpl.java:547) ~[na:na]
	at java.base/sun.nio.ch.NioSocketImpl.connect(NioSocketImpl.java:602) ~[na:na]
	at java.base/java.net.SocksSocketImpl.connect(SocksSocketImpl.java:327) ~[na:na]
	at java.base/java.net.Socket.connect(Socket.java:633) ~[na:na]
	at com.rabbitmq.client.impl.SocketFrameHandlerFactory.create(SocketFrameHandlerFactory.java:61) ~[amqp-client-5.25.0.jar:5.25.0]
	at com.rabbitmq.client.ConnectionFactory.newConnection(ConnectionFactory.java:1249) ~[amqp-client-5.25.0.jar:5.25.0]
	at com.rabbitmq.client.ConnectionFactory.newConnection(ConnectionFactory.java:1198) ~[amqp-client-5.25.0.jar:5.25.0]
	at org.springframework.amqp.rabbit.connection.AbstractConnectionFactory.connectAddresses(AbstractConnectionFactory.java:678) ~[spring-rabbit-3.2.9.jar:3.2.9]
	at org.springframework.amqp.rabbit.connection.AbstractConnectionFactory.connect(AbstractConnectionFactory.java:647) ~[spring-rabbit-3.2.9.jar:3.2.9]
	at org.springframework.amqp.rabbit.connection.AbstractConnectionFactory.createBareConnection(AbstractConnectionFactory.java:593) ~[spring-rabbit-3.2.9.jar:3.2.9]
	... 41 common frames omitted

2026-02-19T20:02:27.894-05:00  INFO 27896 --- [prestamos-service] [main] c.cibertec.PrestamosServiceApplication   : Starting PrestamosServiceApplication using Java 17.0.10 with PID 27896 (C:\Users\joesc\OneDrive\Desktop\ProyectoBiblioteca\01_contenedor\prestamos-service\prestamos-service\target\classes started by joesc in C:\Users\joesc\OneDrive\Desktop\ProyectoBiblioteca\01_contenedor\prestamos-service\prestamos-service)
2026-02-19T20:02:27.899-05:00  INFO 27896 --- [prestamos-service] [main] c.cibertec.PrestamosServiceApplication   : No active profile set, falling back to 1 default profile: "default"
2026-02-19T20:02:27.952-05:00  INFO 27896 --- [prestamos-service] [main] o.s.c.c.c.ConfigServerConfigDataLoader   : Fetching config from server at : http://localhost:8888
2026-02-19T20:02:27.953-05:00  INFO 27896 --- [prestamos-service] [main] o.s.c.c.c.ConfigServerConfigDataLoader   : Located environment: name=prestamos-service, profiles=[default], label=null, version=null, state=null
2026-02-19T20:02:28.647-05:00  INFO 27896 --- [prestamos-service] [main] .s.d.r.c.RepositoryConfigurationDelegate : Bootstrapping Spring Data JPA repositories in DEFAULT mode.
2026-02-19T20:02:28.802-05:00  INFO 27896 --- [prestamos-service] [main] .s.d.r.c.RepositoryConfigurationDelegate : Finished Spring Data repository scanning in 140 ms. Found 2 JPA repository interfaces.
2026-02-19T20:02:29.464-05:00  INFO 27896 --- [prestamos-service] [main] o.s.cloud.context.scope.GenericScope     : BeanFactory id=07f2923d-c7c6-3034-a0c8-ad322185c6fb
2026-02-19T20:02:29.925-05:00  INFO 27896 --- [prestamos-service] [main] o.s.b.w.embedded.tomcat.TomcatWebServer  : Tomcat initialized with port 1002 (http)
2026-02-19T20:02:29.941-05:00  INFO 27896 --- [prestamos-service] [main] o.apache.catalina.core.StandardService   : Starting service [Tomcat]
2026-02-19T20:02:29.942-05:00  INFO 27896 --- [prestamos-service] [main] o.apache.catalina.core.StandardEngine    : Starting Servlet engine: [Apache Tomcat/10.1.52]
2026-02-19T20:02:30.033-05:00  INFO 27896 --- [prestamos-service] [main] o.a.c.c.C.[Tomcat].[localhost].[/]       : Initializing Spring embedded WebApplicationContext
2026-02-19T20:02:30.034-05:00  INFO 27896 --- [prestamos-service] [main] w.s.c.ServletWebServerApplicationContext : Root WebApplicationContext: initialization completed in 2078 ms
2026-02-19T20:02:30.378-05:00  INFO 27896 --- [prestamos-service] [main] o.hibernate.jpa.internal.util.LogHelper  : HHH000204: Processing PersistenceUnitInfo [name: default]
2026-02-19T20:02:30.485-05:00  INFO 27896 --- [prestamos-service] [main] org.hibernate.Version                    : HHH000412: Hibernate ORM core version 6.6.42.Final
2026-02-19T20:02:30.532-05:00  INFO 27896 --- [prestamos-service] [main] o.h.c.internal.RegionFactoryInitiator    : HHH000026: Second-level cache disabled
2026-02-19T20:02:30.841-05:00  INFO 27896 --- [prestamos-service] [main] o.s.o.j.p.SpringPersistenceUnitInfo      : No LoadTimeWeaver setup: ignoring JPA class transformer
2026-02-19T20:02:30.883-05:00  INFO 27896 --- [prestamos-service] [main] com.zaxxer.hikari.HikariDataSource       : HikariPool-1 - Starting...
2026-02-19T20:02:31.184-05:00  INFO 27896 --- [prestamos-service] [main] com.zaxxer.hikari.pool.HikariPool        : HikariPool-1 - Added connection com.mysql.cj.jdbc.ConnectionImpl@7be86438
2026-02-19T20:02:31.186-05:00  INFO 27896 --- [prestamos-service] [main] com.zaxxer.hikari.HikariDataSource       : HikariPool-1 - Start completed.
2026-02-19T20:02:31.254-05:00  WARN 27896 --- [prestamos-service] [main] org.hibernate.orm.deprecation            : HHH90000025: MySQLDialect does not need to be specified explicitly using 'hibernate.dialect' (remove the property setting and it will be selected by default)
2026-02-19T20:02:31.279-05:00  INFO 27896 --- [prestamos-service] [main] org.hibernate.orm.connections.pooling    : HHH10001005: Database info:
	Database JDBC URL [Connecting through datasource 'HikariDataSource (HikariPool-1)']
	Database driver: undefined/unknown
	Database version: 8.0.44
	Autocommit mode: undefined/unknown
	Isolation level: undefined/unknown
	Minimum pool size: undefined/unknown
	Maximum pool size: undefined/unknown
2026-02-19T20:02:32.411-05:00  INFO 27896 --- [prestamos-service] [main] o.h.e.t.j.p.i.JtaPlatformInitiator       : HHH000489: No JTA platform available (set 'hibernate.transaction.jta.platform' to enable JTA platform integration)
2026-02-19T20:02:32.415-05:00  INFO 27896 --- [prestamos-service] [main] j.LocalContainerEntityManagerFactoryBean : Initialized JPA EntityManagerFactory for persistence unit 'default'
2026-02-19T20:02:32.693-05:00  INFO 27896 --- [prestamos-service] [main] o.s.d.j.r.query.QueryEnhancerFactory     : Hibernate is in classpath; If applicable, HQL parser will be used.
2026-02-19T20:02:33.300-05:00  INFO 27896 --- [prestamos-service] [main] o.s.a.r.c.CachingConnectionFactory       : Attempting to connect to: [localhost:5672]
2026-02-19T20:02:33.376-05:00  INFO 27896 --- [prestamos-service] [main] o.s.a.r.c.CachingConnectionFactory       : Created new connection: rabbitConnectionFactory#7ca9c253:0/SimpleConnection@7aaaca20 [delegate=amqp://guest@127.0.0.1:5672/, localPort=53110]
2026-02-19T20:02:33.478-05:00  WARN 27896 --- [prestamos-service] [main] JpaBaseConfiguration$JpaWebConfiguration : spring.jpa.open-in-view is enabled by default. Therefore, database queries may be performed during view rendering. Explicitly configure spring.jpa.open-in-view to disable this warning
2026-02-19T20:02:34.438-05:00  INFO 27896 --- [prestamos-service] [main] DiscoveryClientOptionalArgsConfiguration : Eureka HTTP Client uses RestTemplate.
2026-02-19T20:02:34.480-05:00  WARN 27896 --- [prestamos-service] [main] iguration$LoadBalancerCaffeineWarnLogger : Spring Cloud LoadBalancer is currently working with the default cache. While this cache implementation is useful for development and tests, it's recommended to use Caffeine cache in production.You can switch to using Caffeine cache, by adding it and org.springframework.cache.caffeine.CaffeineCacheManager to the classpath.
2026-02-19T20:02:34.487-05:00  INFO 27896 --- [prestamos-service] [main] o.s.b.a.e.web.EndpointLinksResolver      : Exposing 17 endpoints beneath base path '/actuator'
2026-02-19T20:02:34.600-05:00  INFO 27896 --- [prestamos-service] [main] o.s.c.n.eureka.InstanceInfoFactory       : Setting initial instance status as: STARTING
2026-02-19T20:02:34.629-05:00  INFO 27896 --- [prestamos-service] [main] com.netflix.discovery.DiscoveryClient    : Initializing Eureka in region us-east-1
2026-02-19T20:02:34.634-05:00  INFO 27896 --- [prestamos-service] [main] c.n.d.s.r.aws.ConfigClusterResolver      : Resolving eureka endpoints via configuration
2026-02-19T20:02:34.646-05:00  INFO 27896 --- [prestamos-service] [main] com.netflix.discovery.DiscoveryClient    : Disable delta property : false
2026-02-19T20:02:34.646-05:00  INFO 27896 --- [prestamos-service] [main] com.netflix.discovery.DiscoveryClient    : Single vip registry refresh property : null
2026-02-19T20:02:34.646-05:00  INFO 27896 --- [prestamos-service] [main] com.netflix.discovery.DiscoveryClient    : Force full registry fetch : false
2026-02-19T20:02:34.647-05:00  INFO 27896 --- [prestamos-service] [main] com.netflix.discovery.DiscoveryClient    : Application is null : false
2026-02-19T20:02:34.647-05:00  INFO 27896 --- [prestamos-service] [main] com.netflix.discovery.DiscoveryClient    : Registered Applications size is zero : true
2026-02-19T20:02:34.647-05:00  INFO 27896 --- [prestamos-service] [main] com.netflix.discovery.DiscoveryClient    : Application version is -1: true
2026-02-19T20:02:34.647-05:00  INFO 27896 --- [prestamos-service] [main] com.netflix.discovery.DiscoveryClient    : Getting all instance registry info from the eureka server
2026-02-19T20:02:34.824-05:00  INFO 27896 --- [prestamos-service] [main] com.netflix.discovery.DiscoveryClient    : The response status is 200
2026-02-19T20:02:34.826-05:00  INFO 27896 --- [prestamos-service] [main] com.netflix.discovery.DiscoveryClient    : Starting heartbeat executor: renew interval is: 30
2026-02-19T20:02:34.830-05:00  INFO 27896 --- [prestamos-service] [main] c.n.discovery.InstanceInfoReplicator     : InstanceInfoReplicator onDemand update allowed rate per min is 4
2026-02-19T20:02:34.832-05:00  INFO 27896 --- [prestamos-service] [main] com.netflix.discovery.DiscoveryClient    : Discovery Client initialized at timestamp 1771549354831 with initial instances count: 2
2026-02-19T20:02:34.835-05:00  INFO 27896 --- [prestamos-service] [main] o.s.c.n.e.s.EurekaServiceRegistry        : Registering application PRESTAMOS-SERVICE with eureka with status UP
2026-02-19T20:02:34.836-05:00  INFO 27896 --- [prestamos-service] [main] com.netflix.discovery.DiscoveryClient    : Saw local status change event StatusChangeEvent [timestamp=1771549354836, current=UP, previous=STARTING]
2026-02-19T20:02:34.838-05:00  INFO 27896 --- [prestamos-service] [DiscoveryClient-InstanceInfoReplicator-%d] com.netflix.discovery.DiscoveryClient    : DiscoveryClient_PRESTAMOS-SERVICE/10.143.140.178:prestamos-service:1002: registering service...
2026-02-19T20:02:34.860-05:00  INFO 27896 --- [prestamos-service] [main] o.s.b.w.embedded.tomcat.TomcatWebServer  : Tomcat started on port 1002 (http) with context path '/'
2026-02-19T20:02:34.861-05:00  INFO 27896 --- [prestamos-service] [main] .s.c.n.e.s.EurekaAutoServiceRegistration : Updating port to 1002
2026-02-19T20:02:34.886-05:00  INFO 27896 --- [prestamos-service] [DiscoveryClient-InstanceInfoReplicator-%d] com.netflix.discovery.DiscoveryClient    : DiscoveryClient_PRESTAMOS-SERVICE/10.143.140.178:prestamos-service:1002 - registration status: 204
2026-02-19T20:02:35.049-05:00  INFO 27896 --- [prestamos-service] [main] c.cibertec.PrestamosServiceApplication   : Started PrestamosServiceApplication in 8.494 seconds (process running for 9.625)
2026-02-19T20:02:35.254-05:00  INFO 27896 --- [prestamos-service] [RMI TCP Connection(8)-127.0.0.1] o.a.c.c.C.[Tomcat].[localhost].[/]       : Initializing Spring DispatcherServlet 'dispatcherServlet'
2026-02-19T20:02:35.254-05:00  INFO 27896 --- [prestamos-service] [RMI TCP Connection(8)-127.0.0.1] o.s.web.servlet.DispatcherServlet        : Initializing Servlet 'dispatcherServlet'
2026-02-19T20:02:35.256-05:00  INFO 27896 --- [prestamos-service] [RMI TCP Connection(8)-127.0.0.1] o.s.web.servlet.DispatcherServlet        : Completed initialization in 1 ms
2026-02-19T20:07:22.146-05:00  INFO 27896 --- [prestamos-service] [RMI TCP Connection(14)-127.0.0.1] inMXBeanRegistrar$SpringApplicationAdmin : Application shutdown requested.
2026-02-19T20:07:22.147-05:00  INFO 27896 --- [prestamos-service] [RMI TCP Connection(14)-127.0.0.1] o.s.c.n.e.s.EurekaServiceRegistry        : Unregistering application PRESTAMOS-SERVICE with eureka with status DOWN
2026-02-19T20:07:22.148-05:00  INFO 27896 --- [prestamos-service] [RMI TCP Connection(14)-127.0.0.1] com.netflix.discovery.DiscoveryClient    : Saw local status change event StatusChangeEvent [timestamp=1771549642147, current=DOWN, previous=UP]
2026-02-19T20:07:22.148-05:00  INFO 27896 --- [prestamos-service] [DiscoveryClient-InstanceInfoReplicator-%d] com.netflix.discovery.DiscoveryClient    : DiscoveryClient_PRESTAMOS-SERVICE/10.143.140.178:prestamos-service:1002: registering service...
2026-02-19T20:07:22.151-05:00  INFO 27896 --- [prestamos-service] [RMI TCP Connection(14)-127.0.0.1] o.s.b.w.e.tomcat.GracefulShutdown        : Commencing graceful shutdown. Waiting for active requests to complete
2026-02-19T20:07:22.156-05:00  INFO 27896 --- [prestamos-service] [DiscoveryClient-InstanceInfoReplicator-%d] com.netflix.discovery.DiscoveryClient    : DiscoveryClient_PRESTAMOS-SERVICE/10.143.140.178:prestamos-service:1002 - registration status: 204
2026-02-19T20:07:22.544-05:00  INFO 27896 --- [prestamos-service] [tomcat-shutdown] o.s.b.w.e.tomcat.GracefulShutdown        : Graceful shutdown complete
2026-02-19T20:07:22.576-05:00  INFO 27896 --- [prestamos-service] [RMI TCP Connection(14)-127.0.0.1] j.LocalContainerEntityManagerFactoryBean : Closing JPA EntityManagerFactory for persistence unit 'default'
2026-02-19T20:07:22.580-05:00  INFO 27896 --- [prestamos-service] [RMI TCP Connection(14)-127.0.0.1] com.zaxxer.hikari.HikariDataSource       : HikariPool-1 - Shutdown initiated...
2026-02-19T20:07:22.590-05:00  INFO 27896 --- [prestamos-service] [RMI TCP Connection(14)-127.0.0.1] com.zaxxer.hikari.HikariDataSource       : HikariPool-1 - Shutdown completed.
2026-02-19T20:07:22.592-05:00  INFO 27896 --- [prestamos-service] [RMI TCP Connection(14)-127.0.0.1] com.netflix.discovery.DiscoveryClient    : Shutting down DiscoveryClient ...
2026-02-19T20:07:25.594-05:00  INFO 27896 --- [prestamos-service] [RMI TCP Connection(14)-127.0.0.1] com.netflix.discovery.DiscoveryClient    : Unregistering ...
2026-02-19T20:07:25.603-05:00  INFO 27896 --- [prestamos-service] [RMI TCP Connection(14)-127.0.0.1] com.netflix.discovery.DiscoveryClient    : DiscoveryClient_PRESTAMOS-SERVICE/10.143.140.178:prestamos-service:1002 - deregister  status: 200
2026-02-19T20:07:25.603-05:00  INFO 27896 --- [prestamos-service] [RMI TCP Connection(14)-127.0.0.1] com.netflix.discovery.DiscoveryClient    : Completed shut down of DiscoveryClient
